<html>
<head>
<title>TestNG:  Test</title>
<link href="../testng.css" rel="stylesheet" type="text/css" />
<link href="../my-testng.css" rel="stylesheet" type="text/css" />

<style type="text/css">
.log { display: none;} 
.stack-trace { display: none;} 
</style>
<script type="text/javascript">
<!--
function flip(e) {
  current = e.style.display;
  if (current == 'block') {
    e.style.display = 'none';
    return 0;
  }
  else {
    e.style.display = 'block';
    return 1;
  }
}

function toggleBox(szDivId, elem, msg1, msg2)
{
  var res = -1;  if (document.getElementById) {
    res = flip(document.getElementById(szDivId));
  }
  else if (document.all) {
    // this is the way old msie versions work
    res = flip(document.all[szDivId]);
  }
  if(elem) {
    if(res == 0) elem.innerHTML = msg1; else elem.innerHTML = msg2;
  }

}

function toggleAllBoxes() {
  if (document.getElementsByTagName) {
    d = document.getElementsByTagName('div');
    for (i = 0; i < d.length; i++) {
      if (d[i].className == 'log') {
        flip(d[i]);
      }
    }
  }
}

// -->
</script>

</head>
<body>
<h2 align='center'>Test</h2><table border='1' align="center">
<tr>
<td>Tests passed/Failed/Skipped:</td><td>12/1/0</td>
</tr><tr>
<td>Started on:</td><td>Wed Oct 13 13:50:16 IST 2021</td>
</tr>
<tr><td>Total time:</td><td>280 seconds (280677 ms)</td>
</tr><tr>
<td>Included groups:</td><td></td>
</tr><tr>
<td>Excluded groups:</td><td></td>
</tr>
</table><p/>
<small><i>(Hover the method name to see the test class name)</i></small><p/>
<table width='100%' border='1' class='invocation-failed'>
<tr><td colspan='4' align='center'><b>FAILED TESTS</b></td></tr>
<tr><td><b>Test method</b></td>
<td width="30%"><b>Exception</b></td>
<td width="10%"><b>Time (seconds)</b></td>
<td><b>Instance</b></td>
</tr>
<tr>
<td title='myRunner.MyTestRunner.runScenario()'><b>runScenario</b><br>Test class: myRunner.MyTestRunner<br>Test method: Runs Cucumber Scenarios<br>Parameters: "To verify user is able to Register for Business account", "Optional[Register Functionality]"</td>
<td><div><pre>org.openqa.selenium.ElementClickInterceptedException: element click intercepted: Element &lt;button name=&quot;BUSINESS_REG_FORM_SUBMIT&quot; id=&quot;BUSINESS_REG_FORM_SUBMIT&quot; class=&quot;btn btn--primary btn--large btn--fluid&quot; disabled=&quot;&quot; type=&quot;submit&quot; aria-describedby=&quot;legalTextId&quot; data-click-tracking-data=&quot;{&amp;quot;linkId&amp;quot;:&amp;quot;47252&amp;quot;,&amp;quot;pageId&amp;quot;:&amp;quot;3319671&amp;quot;,&amp;quot;type&amp;quot;:&amp;quot;_plsr&amp;quot;,&amp;quot;payload&amp;quot;:{&amp;quot;RegModuleName&amp;quot;:&amp;quot;PARTIAL_REG_BUSINESS&amp;quot;}}&quot;&gt;...&lt;/button&gt; is not clickable at point (508, 551). Other element would receive the click: &lt;iframe id=&quot;captchaFrame&quot; src=&quot;/captcharouter_challenge?ap=1&amp;amp;iim=uNDkuMjL&amp;amp;iia=RXA0LjEzmG&amp;amp;iiz=JjbNi4xOTM*FXX&amp;amp;ru=https%3A%2F%2Fsignup.ebay.com%2Fajax%2Fvalidatefield&amp;amp;iid=c2853a46-664a-40ce-90da-d406462ea3cd&quot; style=&quot;position: fixed; width: 100%; height: 100%; top: 0px; left: 0px; margin: 0px; padding: 0px; border: 0px; background-color: white; z-index: 99999;&quot;&gt;&lt;/iframe&gt;
  (Session info: chrome=94.0.4606.81)
Build info: version: &apos;3.141.59&apos;, revision: &apos;e82be7d358&apos;, time: &apos;2018-11-14T08:17:03&apos;
System info: host: &apos;DESKTOP-N4DS0TK&apos;, ip: &apos;192.168.42.87&apos;, os.name: &apos;Windows 10&apos;, os.arch: &apos;amd64&apos;, os.version: &apos;10.0&apos;, java.version: &apos;16.0.2&apos;
Driver info: org.openqa.selenium.chrome.ChromeDriver
Capabilities {acceptInsecureCerts: false, browserName: chrome, browserVersion: 94.0.4606.81, chrome: {chromedriverVersion: 94.0.4606.61 (418b78f5838ed..., userDataDir: C:\Users\HARIKA~1\AppData\L...}, goog:chromeOptions: {debuggerAddress: localhost:61514}, javascriptEnabled: true, networkConnectionEnabled: false, pageLoadStrategy: normal, platform: WINDOWS, platformName: WINDOWS, proxy: Proxy(), setWindowRect: true, strictFileInteractability: false, timeouts: {implicit: 0, pageLoad: 300000, script: 30000}, unhandledPromptBehavior: dismiss and notify, webauthn:extension:credBlob: true, webauthn:extension:largeBlob: true, webauthn:virtualAuthenticators: true}
Session ID: 781cc77090776f094950dd0d52059a52
	at org.openqa.selenium.remote.http.W3CHttpResponseCodec.createException(W3CHttpResponseCodec.java:187)
	at org.openqa.selenium.remote.http.W3CHttpResponseCodec.decode(W3CHttpResponseCodec.java:122)
	at org.openqa.selenium.remote.http.W3CHttpResponseCodec.decode(W3CHttpResponseCodec.java:49)
	at org.openqa.selenium.remote.HttpCommandExecutor.execute(HttpCommandExecutor.java:158)
	at org.openqa.selenium.remote.service.DriverCommandExecutor.execute(DriverCommandExecutor.java:83)
	at org.openqa.selenium.remote.RemoteWebDriver.execute(RemoteWebDriver.java:552)
	at org.openqa.selenium.remote.RemoteWebElement.execute(RemoteWebElement.java:285)
	at org.openqa.selenium.remote.RemoteWebElement.click(RemoteWebElement.java:84)
	at org.openqa.selenium.support.pagefactory.internal.LocatingElementHandler.invoke(LocatingElementHandler.java:51)
	at jdk.proxy2/jdk.proxy2.$Proxy18.click(Unknown Source)
	at com.pages.Registration.Breg(Registration.java:102)
	at Step_Def.Registartion_Step_Def.click_on_register_button(Registartion_Step_Def.java:53)
	at ?.click on Register button(file:///C:/Users/HARIKARAN/eclipse-workspace/ebay/src/test/java/Features/Registration.feature:19)
... Removed 9 stack frames</pre></div><a href='#' onClick='toggleBox("stack-trace1381341801", this, "Click to show all stack frames", "Click to hide stack frames")'>Click to show all stack frames</a>
<div class='stack-trace' id='stack-trace1381341801'><pre>org.openqa.selenium.ElementClickInterceptedException: element click intercepted: Element &lt;button name=&quot;BUSINESS_REG_FORM_SUBMIT&quot; id=&quot;BUSINESS_REG_FORM_SUBMIT&quot; class=&quot;btn btn--primary btn--large btn--fluid&quot; disabled=&quot;&quot; type=&quot;submit&quot; aria-describedby=&quot;legalTextId&quot; data-click-tracking-data=&quot;{&amp;quot;linkId&amp;quot;:&amp;quot;47252&amp;quot;,&amp;quot;pageId&amp;quot;:&amp;quot;3319671&amp;quot;,&amp;quot;type&amp;quot;:&amp;quot;_plsr&amp;quot;,&amp;quot;payload&amp;quot;:{&amp;quot;RegModuleName&amp;quot;:&amp;quot;PARTIAL_REG_BUSINESS&amp;quot;}}&quot;&gt;...&lt;/button&gt; is not clickable at point (508, 551). Other element would receive the click: &lt;iframe id=&quot;captchaFrame&quot; src=&quot;/captcharouter_challenge?ap=1&amp;amp;iim=uNDkuMjL&amp;amp;iia=RXA0LjEzmG&amp;amp;iiz=JjbNi4xOTM*FXX&amp;amp;ru=https%3A%2F%2Fsignup.ebay.com%2Fajax%2Fvalidatefield&amp;amp;iid=c2853a46-664a-40ce-90da-d406462ea3cd&quot; style=&quot;position: fixed; width: 100%; height: 100%; top: 0px; left: 0px; margin: 0px; padding: 0px; border: 0px; background-color: white; z-index: 99999;&quot;&gt;&lt;/iframe&gt;
  (Session info: chrome=94.0.4606.81)
Build info: version: &apos;3.141.59&apos;, revision: &apos;e82be7d358&apos;, time: &apos;2018-11-14T08:17:03&apos;
System info: host: &apos;DESKTOP-N4DS0TK&apos;, ip: &apos;192.168.42.87&apos;, os.name: &apos;Windows 10&apos;, os.arch: &apos;amd64&apos;, os.version: &apos;10.0&apos;, java.version: &apos;16.0.2&apos;
Driver info: org.openqa.selenium.chrome.ChromeDriver
Capabilities {acceptInsecureCerts: false, browserName: chrome, browserVersion: 94.0.4606.81, chrome: {chromedriverVersion: 94.0.4606.61 (418b78f5838ed..., userDataDir: C:\Users\HARIKA~1\AppData\L...}, goog:chromeOptions: {debuggerAddress: localhost:61514}, javascriptEnabled: true, networkConnectionEnabled: false, pageLoadStrategy: normal, platform: WINDOWS, platformName: WINDOWS, proxy: Proxy(), setWindowRect: true, strictFileInteractability: false, timeouts: {implicit: 0, pageLoad: 300000, script: 30000}, unhandledPromptBehavior: dismiss and notify, webauthn:extension:credBlob: true, webauthn:extension:largeBlob: true, webauthn:virtualAuthenticators: true}
Session ID: 781cc77090776f094950dd0d52059a52
	at java.base/jdk.internal.reflect.NativeConstructorAccessorImpl.newInstance0(Native Method)
	at java.base/jdk.internal.reflect.NativeConstructorAccessorImpl.newInstance(NativeConstructorAccessorImpl.java:78)
	at java.base/jdk.internal.reflect.DelegatingConstructorAccessorImpl.newInstance(DelegatingConstructorAccessorImpl.java:45)
	at java.base/java.lang.reflect.Constructor.newInstanceWithCaller(Constructor.java:499)
	at java.base/java.lang.reflect.Constructor.newInstance(Constructor.java:480)
	at org.openqa.selenium.remote.http.W3CHttpResponseCodec.createException(W3CHttpResponseCodec.java:187)
	at org.openqa.selenium.remote.http.W3CHttpResponseCodec.decode(W3CHttpResponseCodec.java:122)
	at org.openqa.selenium.remote.http.W3CHttpResponseCodec.decode(W3CHttpResponseCodec.java:49)
	at org.openqa.selenium.remote.HttpCommandExecutor.execute(HttpCommandExecutor.java:158)
	at org.openqa.selenium.remote.service.DriverCommandExecutor.execute(DriverCommandExecutor.java:83)
	at org.openqa.selenium.remote.RemoteWebDriver.execute(RemoteWebDriver.java:552)
	at org.openqa.selenium.remote.RemoteWebElement.execute(RemoteWebElement.java:285)
	at org.openqa.selenium.remote.RemoteWebElement.click(RemoteWebElement.java:84)
	at java.base/jdk.internal.reflect.NativeMethodAccessorImpl.invoke0(Native Method)
	at java.base/jdk.internal.reflect.NativeMethodAccessorImpl.invoke(NativeMethodAccessorImpl.java:78)
	at java.base/jdk.internal.reflect.DelegatingMethodAccessorImpl.invoke(DelegatingMethodAccessorImpl.java:43)
	at java.base/java.lang.reflect.Method.invoke(Method.java:567)
	at org.openqa.selenium.support.pagefactory.internal.LocatingElementHandler.invoke(LocatingElementHandler.java:51)
	at jdk.proxy2/jdk.proxy2.$Proxy18.click(Unknown Source)
	at com.pages.Registration.Breg(Registration.java:102)
	at Step_Def.Registartion_Step_Def.click_on_register_button(Registartion_Step_Def.java:53)
	at ?.click on Register button(file:///C:/Users/HARIKARAN/eclipse-workspace/ebay/src/test/java/Features/Registration.feature:19)
</pre></div></td>
<td>40</td>
<td>myRunner.MyTestRunner@32b260fa</td></tr>
</table><p>
<table width='100%' border='1' class='invocation-passed'>
<tr><td colspan='4' align='center'><b>PASSED TESTS</b></td></tr>
<tr><td><b>Test method</b></td>
<td width="30%"><b>Exception</b></td>
<td width="10%"><b>Time (seconds)</b></td>
<td><b>Instance</b></td>
</tr>
<tr>
<td title='myRunner.MyTestRunner.runScenario()'><b>runScenario</b><br>Test class: myRunner.MyTestRunner<br>Test method: Runs Cucumber Scenarios<br>Parameters: "To verify that the user redirects to the sign up page", "Optional[Sign in functionality]"</td>
<td></td>
<td>13</td>
<td>myRunner.MyTestRunner@32b260fa</td></tr>
<tr>
<td title='myRunner.MyTestRunner.runScenario()'><b>runScenario</b><br>Test class: myRunner.MyTestRunner<br>Test method: Runs Cucumber Scenarios<br>Parameters: "To verify the user is able to filter the products", "Optional[Search Functionality]"</td>
<td></td>
<td>10</td>
<td>myRunner.MyTestRunner@32b260fa</td></tr>
<tr>
<td title='myRunner.MyTestRunner.runScenario()'><b>runScenario</b><br>Test class: myRunner.MyTestRunner<br>Test method: Runs Cucumber Scenarios<br>Parameters: "To verify the user is able to search for an item in the application", "Optional[Search Functionality]"</td>
<td></td>
<td>14</td>
<td>myRunner.MyTestRunner@32b260fa</td></tr>
<tr>
<td title='myRunner.MyTestRunner.runScenario()'><b>runScenario</b><br>Test class: myRunner.MyTestRunner<br>Test method: Runs Cucumber Scenarios<br>Parameters: "To verify that the user able to switch accounts", "Optional[Sign in functionality]"</td>
<td></td>
<td>5</td>
<td>myRunner.MyTestRunner@32b260fa</td></tr>
<tr>
<td title='myRunner.MyTestRunner.runScenario()'><b>runScenario</b><br>Test class: myRunner.MyTestRunner<br>Test method: Runs Cucumber Scenarios<br>Parameters: "To verify user is able to Register For Personal account", "Optional[Register Functionality]"</td>
<td></td>
<td>65</td>
<td>myRunner.MyTestRunner@32b260fa</td></tr>
<tr>
<td title='myRunner.MyTestRunner.runScenario()'><b>runScenario</b><br>Test class: myRunner.MyTestRunner<br>Test method: Runs Cucumber Scenarios<br>Parameters: "To verify that user is able to Add items to the cart", "Optional[Search Functionality]"</td>
<td></td>
<td>22</td>
<td>myRunner.MyTestRunner@32b260fa</td></tr>
<tr>
<td title='myRunner.MyTestRunner.runScenario()'><b>runScenario</b><br>Test class: myRunner.MyTestRunner<br>Test method: Runs Cucumber Scenarios<br>Parameters: "To verify the user is able to select the different categories", "Optional[Search Functionality]"</td>
<td></td>
<td>9</td>
<td>myRunner.MyTestRunner@32b260fa</td></tr>
<tr>
<td title='myRunner.MyTestRunner.runScenario()'><b>runScenario</b><br>Test class: myRunner.MyTestRunner<br>Test method: Runs Cucumber Scenarios<br>Parameters: "To verify the user is able to search for an unrelated item in the application", "Optional[Search Functionality]"</td>
<td></td>
<td>9</td>
<td>myRunner.MyTestRunner@32b260fa</td></tr>
<tr>
<td title='myRunner.MyTestRunner.runScenario()'><b>runScenario</b><br>Test class: myRunner.MyTestRunner<br>Test method: Runs Cucumber Scenarios<br>Parameters: "To verify user is able to Register For Personal account", "Optional[Register Functionality]"</td>
<td></td>
<td>63</td>
<td>myRunner.MyTestRunner@32b260fa</td></tr>
<tr>
<td title='myRunner.MyTestRunner.runScenario()'><b>runScenario</b><br>Test class: myRunner.MyTestRunner<br>Test method: Runs Cucumber Scenarios<br>Parameters: "To verify the user is able to view the daily deals", "Optional[Search Functionality]"</td>
<td></td>
<td>8</td>
<td>myRunner.MyTestRunner@32b260fa</td></tr>
<tr>
<td title='myRunner.MyTestRunner.runScenario()'><b>runScenario</b><br>Test class: myRunner.MyTestRunner<br>Test method: Runs Cucumber Scenarios<br>Parameters: "To Validate the Title of the Ebay", "Optional[Ebay Url]"</td>
<td></td>
<td>2</td>
<td>myRunner.MyTestRunner@32b260fa</td></tr>
<tr>
<td title='myRunner.MyTestRunner.runScenario()'><b>runScenario</b><br>Test class: myRunner.MyTestRunner<br>Test method: Runs Cucumber Scenarios<br>Parameters: "To verify that the user enters the valid gmail or facebook or Apple accounts", "Optional[Sign in functionality]"</td>
<td></td>
<td>11</td>
<td>myRunner.MyTestRunner@32b260fa</td></tr>
</table><p>
</body>
</html>