<?xml version="1.0" encoding="UTF-8"?>
<!-- Generated by org.testng.reporters.JUnitXMLReporter -->
<testsuite ignored="0" hostname="DESKTOP-N4DS0TK" failures="1" tests="13" name="Test" time="280.677" errors="0" timestamp="2021-10-13T13:54:57 IST">
  <testcase classname="io.cucumber.testng.AbstractTestNGCucumberTests" name="runScenario" time="13.735"/>
  <testcase classname="io.cucumber.testng.AbstractTestNGCucumberTests" name="runScenario" time="11.429"/>
  <testcase classname="io.cucumber.testng.AbstractTestNGCucumberTests" name="runScenario" time="5.982"/>
  <testcase classname="io.cucumber.testng.AbstractTestNGCucumberTests" name="runScenario" time="65.296"/>
  <testcase classname="io.cucumber.testng.AbstractTestNGCucumberTests" name="runScenario" time="63.214"/>
  <testcase classname="io.cucumber.testng.AbstractTestNGCucumberTests" name="runScenario" time="40.94">
    <failure type="org.openqa.selenium.ElementClickInterceptedException" message="element click intercepted: Element &amp;lt;button name=&amp;quot;BUSINESS_REG_FORM_SUBMIT&amp;quot; id=&amp;quot;BUSINESS_REG_FORM_SUBMIT&amp;quot; class=&amp;quot;btn btn--primary btn--large btn--fluid&amp;quot; disabled=&amp;quot;&amp;quot; type=&amp;quot;submit&amp;quot; aria-describedby=&amp;quot;legalTextId&amp;quot; data-click-tracking-data=&amp;quot;{&amp;amp;quot;linkId&amp;amp;quot;:&amp;amp;quot;47252&amp;amp;quot;,&amp;amp;quot;pageId&amp;amp;quot;:&amp;amp;quot;3319671&amp;amp;quot;,&amp;amp;quot;type&amp;amp;quot;:&amp;amp;quot;_plsr&amp;amp;quot;,&amp;amp;quot;payload&amp;amp;quot;:{&amp;amp;quot;RegModuleName&amp;amp;quot;:&amp;amp;quot;PARTIAL_REG_BUSINESS&amp;amp;quot;}}&amp;quot;&amp;gt;...&amp;lt;/button&amp;gt; is not clickable at point (508, 551). Other element would receive the click: &amp;lt;iframe id=&amp;quot;captchaFrame&amp;quot; src=&amp;quot;/captcharouter_challenge?ap=1&amp;amp;amp;iim=uNDkuMjL&amp;amp;amp;iia=RXA0LjEzmG&amp;amp;amp;iiz=JjbNi4xOTM*FXX&amp;amp;amp;ru=https%3A%2F%2Fsignup.ebay.com%2Fajax%2Fvalidatefield&amp;amp;amp;iid=c2853a46-664a-40ce-90da-d406462ea3cd&amp;quot; style=&amp;quot;position: fixed; width: 100%; height: 100%; top: 0px; left: 0px; margin: 0px; padding: 0px; border: 0px; background-color: white; z-index: 99999;&amp;quot;&amp;gt;&amp;lt;/iframe&amp;gt;
  (Session info: chrome=94.0.4606.81)
Build info: version: &amp;apos;3.141.59&amp;apos;, revision: &amp;apos;e82be7d358&amp;apos;, time: &amp;apos;2018-11-14T08:17:03&amp;apos;
System info: host: &amp;apos;DESKTOP-N4DS0TK&amp;apos;, ip: &amp;apos;192.168.42.87&amp;apos;, os.name: &amp;apos;Windows 10&amp;apos;, os.arch: &amp;apos;amd64&amp;apos;, os.version: &amp;apos;10.0&amp;apos;, java.version: &amp;apos;16.0.2&amp;apos;
Driver info: org.openqa.selenium.chrome.ChromeDriver
Capabilities {acceptInsecureCerts: false, browserName: chrome, browserVersion: 94.0.4606.81, chrome: {chromedriverVersion: 94.0.4606.61 (418b78f5838ed..., userDataDir: C:\Users\HARIKA~1\AppData\L...}, goog:chromeOptions: {debuggerAddress: localhost:61514}, javascriptEnabled: true, networkConnectionEnabled: false, pageLoadStrategy: normal, platform: WINDOWS, platformName: WINDOWS, proxy: Proxy(), setWindowRect: true, strictFileInteractability: false, timeouts: {implicit: 0, pageLoad: 300000, script: 30000}, unhandledPromptBehavior: dismiss and notify, webauthn:extension:credBlob: true, webauthn:extension:largeBlob: true, webauthn:virtualAuthenticators: true}
Session ID: 781cc77090776f094950dd0d52059a52">
      <![CDATA[org.openqa.selenium.ElementClickInterceptedException: element click intercepted: Element <button name="BUSINESS_REG_FORM_SUBMIT" id="BUSINESS_REG_FORM_SUBMIT" class="btn btn--primary btn--large btn--fluid" disabled="" type="submit" aria-describedby="legalTextId" data-click-tracking-data="{&quot;linkId&quot;:&quot;47252&quot;,&quot;pageId&quot;:&quot;3319671&quot;,&quot;type&quot;:&quot;_plsr&quot;,&quot;payload&quot;:{&quot;RegModuleName&quot;:&quot;PARTIAL_REG_BUSINESS&quot;}}">...</button> is not clickable at point (508, 551). Other element would receive the click: <iframe id="captchaFrame" src="/captcharouter_challenge?ap=1&amp;iim=uNDkuMjL&amp;iia=RXA0LjEzmG&amp;iiz=JjbNi4xOTM*FXX&amp;ru=https%3A%2F%2Fsignup.ebay.com%2Fajax%2Fvalidatefield&amp;iid=c2853a46-664a-40ce-90da-d406462ea3cd" style="position: fixed; width: 100%; height: 100%; top: 0px; left: 0px; margin: 0px; padding: 0px; border: 0px; background-color: white; z-index: 99999;"></iframe>
  (Session info: chrome=94.0.4606.81)
Build info: version: '3.141.59', revision: 'e82be7d358', time: '2018-11-14T08:17:03'
System info: host: 'DESKTOP-N4DS0TK', ip: '192.168.42.87', os.name: 'Windows 10', os.arch: 'amd64', os.version: '10.0', java.version: '16.0.2'
Driver info: org.openqa.selenium.chrome.ChromeDriver
Capabilities {acceptInsecureCerts: false, browserName: chrome, browserVersion: 94.0.4606.81, chrome: {chromedriverVersion: 94.0.4606.61 (418b78f5838ed..., userDataDir: C:\Users\HARIKA~1\AppData\L...}, goog:chromeOptions: {debuggerAddress: localhost:61514}, javascriptEnabled: true, networkConnectionEnabled: false, pageLoadStrategy: normal, platform: WINDOWS, platformName: WINDOWS, proxy: Proxy(), setWindowRect: true, strictFileInteractability: false, timeouts: {implicit: 0, pageLoad: 300000, script: 30000}, unhandledPromptBehavior: dismiss and notify, webauthn:extension:credBlob: true, webauthn:extension:largeBlob: true, webauthn:virtualAuthenticators: true}
Session ID: 781cc77090776f094950dd0d52059a52
at org.openqa.selenium.remote.http.W3CHttpResponseCodec.createException(W3CHttpResponseCodec.java:187)
at org.openqa.selenium.remote.http.W3CHttpResponseCodec.decode(W3CHttpResponseCodec.java:122)
at org.openqa.selenium.remote.http.W3CHttpResponseCodec.decode(W3CHttpResponseCodec.java:49)
at org.openqa.selenium.remote.HttpCommandExecutor.execute(HttpCommandExecutor.java:158)
at org.openqa.selenium.remote.service.DriverCommandExecutor.execute(DriverCommandExecutor.java:83)
at org.openqa.selenium.remote.RemoteWebDriver.execute(RemoteWebDriver.java:552)
at org.openqa.selenium.remote.RemoteWebElement.execute(RemoteWebElement.java:285)
at org.openqa.selenium.remote.RemoteWebElement.click(RemoteWebElement.java:84)
at org.openqa.selenium.support.pagefactory.internal.LocatingElementHandler.invoke(LocatingElementHandler.java:51)
at jdk.proxy2/jdk.proxy2.$Proxy18.click(Unknown Source)
at com.pages.Registration.Breg(Registration.java:102)
at Step_Def.Registartion_Step_Def.click_on_register_button(Registartion_Step_Def.java:53)
at âœ½.click on Register button(file:///C:/Users/HARIKARAN/eclipse-workspace/ebay/src/test/java/Features/Registration.feature:19)
... Removed 9 stack frames]]>
    </failure>
  </testcase> <!-- runScenario -->
  <testcase classname="io.cucumber.testng.AbstractTestNGCucumberTests" name="runScenario" time="14.579"/>
  <testcase classname="io.cucumber.testng.AbstractTestNGCucumberTests" name="runScenario" time="9.061"/>
  <testcase classname="io.cucumber.testng.AbstractTestNGCucumberTests" name="runScenario" time="8.483"/>
  <testcase classname="io.cucumber.testng.AbstractTestNGCucumberTests" name="runScenario" time="9.931"/>
  <testcase classname="io.cucumber.testng.AbstractTestNGCucumberTests" name="runScenario" time="10.981"/>
  <testcase classname="io.cucumber.testng.AbstractTestNGCucumberTests" name="runScenario" time="22.514"/>
  <testcase classname="io.cucumber.testng.AbstractTestNGCucumberTests" name="runScenario" time="2.892"/>
</testsuite> <!-- Test -->
