<?xml version="1.0" encoding="UTF-8"?>
<!-- Generated by org.testng.reporters.JUnitXMLReporter -->
<testsuite ignored="0" hostname="DESKTOP-N4DS0TK" failures="1" tests="3" name="Default test" time="335.842" errors="0" timestamp="2021-10-12T17:06:14 IST">
  <testcase classname="io.cucumber.testng.AbstractTestNGCucumberTests" name="runScenario" time="109.588">
    <failure type="org.openqa.selenium.ElementClickInterceptedException" message="element click intercepted: Element &amp;lt;button name=&amp;quot;EMAIL_REG_FORM_SUBMIT&amp;quot; id=&amp;quot;EMAIL_REG_FORM_SUBMIT&amp;quot; class=&amp;quot;btn btn--primary btn--large btn--fluid&amp;quot; disabled=&amp;quot;&amp;quot; type=&amp;quot;submit&amp;quot; aria-describedby=&amp;quot;legalTextId&amp;quot; data-click-tracking-data=&amp;quot;{&amp;amp;quot;linkId&amp;amp;quot;:47252,&amp;amp;quot;pageId&amp;amp;quot;:&amp;amp;quot;2560839&amp;amp;quot;,&amp;amp;quot;type&amp;amp;quot;:&amp;amp;quot;_plsr&amp;amp;quot;,&amp;amp;quot;payload&amp;amp;quot;:{&amp;amp;quot;RegModuleName&amp;amp;quot;:&amp;amp;quot;PARTIAL_REG_PERSONAL_EMAIL&amp;amp;quot;,&amp;amp;quot;bs&amp;amp;quot;:203,&amp;amp;quot;ul&amp;amp;quot;:&amp;amp;quot;en-US&amp;amp;quot;,&amp;amp;quot;uc&amp;amp;quot;:95}}&amp;quot;&amp;gt;...&amp;lt;/button&amp;gt; is not clickable at point (508, 390). Other element would receive the click: &amp;lt;iframe id=&amp;quot;captchaFrame&amp;quot; src=&amp;quot;/captcharouter_challenge?ap=1&amp;amp;amp;iim=ZNDkuMe&amp;amp;amp;iia=vhjA1Ljmd&amp;amp;amp;iiz=gewg2Ljc4ZAv&amp;amp;amp;ru=https%3A%2F%2Fsignup.ebay.com%2Fajax%2Fvalidatefield&amp;amp;amp;iid=998ed005-b8bb-40eb-bd43-16b16903add0&amp;quot; style=&amp;quot;position: fixed; width: 100%; height: 100%; top: 0px; left: 0px; margin: 0px; padding: 0px; border: 0px; background-color: white; z-index: 99999;&amp;quot;&amp;gt;&amp;lt;/iframe&amp;gt;
  (Session info: chrome=94.0.4606.81)
Build info: version: &amp;apos;3.141.59&amp;apos;, revision: &amp;apos;e82be7d358&amp;apos;, time: &amp;apos;2018-11-14T08:17:03&amp;apos;
System info: host: &amp;apos;DESKTOP-N4DS0TK&amp;apos;, ip: &amp;apos;192.168.42.87&amp;apos;, os.name: &amp;apos;Windows 10&amp;apos;, os.arch: &amp;apos;amd64&amp;apos;, os.version: &amp;apos;10.0&amp;apos;, java.version: &amp;apos;16.0.2&amp;apos;
Driver info: org.openqa.selenium.chrome.ChromeDriver
Capabilities {acceptInsecureCerts: false, browserName: chrome, browserVersion: 94.0.4606.81, chrome: {chromedriverVersion: 94.0.4606.61 (418b78f5838ed..., userDataDir: C:\Users\HARIKA~1\AppData\L...}, goog:chromeOptions: {debuggerAddress: localhost:55882}, javascriptEnabled: true, networkConnectionEnabled: false, pageLoadStrategy: normal, platform: WINDOWS, platformName: WINDOWS, proxy: Proxy(), setWindowRect: true, strictFileInteractability: false, timeouts: {implicit: 0, pageLoad: 300000, script: 30000}, unhandledPromptBehavior: dismiss and notify, webauthn:extension:credBlob: true, webauthn:extension:largeBlob: true, webauthn:virtualAuthenticators: true}
Session ID: e82d2ec4e2052df68090fcb56a30c509">
      <![CDATA[org.openqa.selenium.ElementClickInterceptedException: element click intercepted: Element <button name="EMAIL_REG_FORM_SUBMIT" id="EMAIL_REG_FORM_SUBMIT" class="btn btn--primary btn--large btn--fluid" disabled="" type="submit" aria-describedby="legalTextId" data-click-tracking-data="{&quot;linkId&quot;:47252,&quot;pageId&quot;:&quot;2560839&quot;,&quot;type&quot;:&quot;_plsr&quot;,&quot;payload&quot;:{&quot;RegModuleName&quot;:&quot;PARTIAL_REG_PERSONAL_EMAIL&quot;,&quot;bs&quot;:203,&quot;ul&quot;:&quot;en-US&quot;,&quot;uc&quot;:95}}">...</button> is not clickable at point (508, 390). Other element would receive the click: <iframe id="captchaFrame" src="/captcharouter_challenge?ap=1&amp;iim=ZNDkuMe&amp;iia=vhjA1Ljmd&amp;iiz=gewg2Ljc4ZAv&amp;ru=https%3A%2F%2Fsignup.ebay.com%2Fajax%2Fvalidatefield&amp;iid=998ed005-b8bb-40eb-bd43-16b16903add0" style="position: fixed; width: 100%; height: 100%; top: 0px; left: 0px; margin: 0px; padding: 0px; border: 0px; background-color: white; z-index: 99999;"></iframe>
  (Session info: chrome=94.0.4606.81)
Build info: version: '3.141.59', revision: 'e82be7d358', time: '2018-11-14T08:17:03'
System info: host: 'DESKTOP-N4DS0TK', ip: '192.168.42.87', os.name: 'Windows 10', os.arch: 'amd64', os.version: '10.0', java.version: '16.0.2'
Driver info: org.openqa.selenium.chrome.ChromeDriver
Capabilities {acceptInsecureCerts: false, browserName: chrome, browserVersion: 94.0.4606.81, chrome: {chromedriverVersion: 94.0.4606.61 (418b78f5838ed..., userDataDir: C:\Users\HARIKA~1\AppData\L...}, goog:chromeOptions: {debuggerAddress: localhost:55882}, javascriptEnabled: true, networkConnectionEnabled: false, pageLoadStrategy: normal, platform: WINDOWS, platformName: WINDOWS, proxy: Proxy(), setWindowRect: true, strictFileInteractability: false, timeouts: {implicit: 0, pageLoad: 300000, script: 30000}, unhandledPromptBehavior: dismiss and notify, webauthn:extension:credBlob: true, webauthn:extension:largeBlob: true, webauthn:virtualAuthenticators: true}
Session ID: e82d2ec4e2052df68090fcb56a30c509
at java.base/jdk.internal.reflect.NativeConstructorAccessorImpl.newInstance0(Native Method)
at java.base/jdk.internal.reflect.NativeConstructorAccessorImpl.newInstance(NativeConstructorAccessorImpl.java:78)
at java.base/jdk.internal.reflect.DelegatingConstructorAccessorImpl.newInstance(DelegatingConstructorAccessorImpl.java:45)
at java.base/java.lang.reflect.Constructor.newInstanceWithCaller(Constructor.java:499)
at java.base/java.lang.reflect.Constructor.newInstance(Constructor.java:480)
at org.openqa.selenium.remote.http.W3CHttpResponseCodec.createException(W3CHttpResponseCodec.java:187)
at org.openqa.selenium.remote.http.W3CHttpResponseCodec.decode(W3CHttpResponseCodec.java:122)
at org.openqa.selenium.remote.http.W3CHttpResponseCodec.decode(W3CHttpResponseCodec.java:49)
at org.openqa.selenium.remote.HttpCommandExecutor.execute(HttpCommandExecutor.java:158)
at org.openqa.selenium.remote.service.DriverCommandExecutor.execute(DriverCommandExecutor.java:83)
at org.openqa.selenium.remote.RemoteWebDriver.execute(RemoteWebDriver.java:552)
at org.openqa.selenium.remote.RemoteWebElement.execute(RemoteWebElement.java:285)
at org.openqa.selenium.remote.RemoteWebElement.click(RemoteWebElement.java:84)
at java.base/jdk.internal.reflect.NativeMethodAccessorImpl.invoke0(Native Method)
at java.base/jdk.internal.reflect.NativeMethodAccessorImpl.invoke(NativeMethodAccessorImpl.java:78)
at java.base/jdk.internal.reflect.DelegatingMethodAccessorImpl.invoke(DelegatingMethodAccessorImpl.java:43)
at java.base/java.lang.reflect.Method.invoke(Method.java:567)
at org.openqa.selenium.support.pagefactory.internal.LocatingElementHandler.invoke(LocatingElementHandler.java:51)
at jdk.proxy2/jdk.proxy2.$Proxy21.click(Unknown Source)
at com.pages.Register.Preg(Register.java:84)
at StepDefinition.Register_StepDef.user_clicks_on_the_register_button(Register_StepDef.java:33)
at âœ½.User clicks on the Register button(file:///C:/Users/HARIKARAN/eclipse-workspace/Sprint_2/./src/test/java/Features/Register.feature:6)
]]>
    </failure>
  </testcase> <!-- runScenario -->
  <testcase classname="io.cucumber.testng.AbstractTestNGCucumberTests" name="runScenario" time="111.708"/>
  <testcase classname="io.cucumber.testng.AbstractTestNGCucumberTests" name="runScenario" time="109.301"/>
</testsuite> <!-- Default test -->
